c:\users\yshak\documents\ece30834\cs334-2022fall\cs334\x64\release\vc143.pdb
c:\users\yshak\documents\ece30834\cs334-2022fall\cs334\x64\release\v3.obj
c:\users\yshak\documents\ece30834\cs334-2022fall\cs334\x64\release\tm.obj
c:\users\yshak\documents\ece30834\cs334-2022fall\cs334\x64\release\scene.obj
c:\users\yshak\documents\ece30834\cs334-2022fall\cs334\x64\release\ppc.obj
c:\users\yshak\documents\ece30834\cs334-2022fall\cs334\x64\release\m33.obj
c:\users\yshak\documents\ece30834\cs334-2022fall\cs334\x64\release\gui.obj
c:\users\yshak\documents\ece30834\cs334-2022fall\cs334\x64\release\framebuffer.obj
c:\users\yshak\documents\ece30834\cs334-2022fall\cs334\x64\release\cm.obj
c:\users\yshak\documents\ece30834\cs334-2022fall\cs334\x64\release\cs334.lib
c:\users\yshak\documents\ece30834\cs334-2022fall\cs334\x64\release\cs334.exp
c:\users\yshak\documents\ece30834\cs334-2022fall\cs334\x64\release\cs334.ipdb
c:\users\yshak\documents\ece30834\cs334-2022fall\cs334\x64\release\cs334.iobj
c:\users\yshak\documents\ece30834\cs334-2022fall\cs334\x64\release\cs334.exe
c:\users\yshak\documents\ece30834\cs334-2022fall\cs334\x64\release\cs334.pdb
c:\users\yshak\documents\ece30834\cs334-2022fall\cs334\x64\release\cs334.tlog\cl.command.1.tlog
c:\users\yshak\documents\ece30834\cs334-2022fall\cs334\x64\release\cs334.tlog\cl.read.1.tlog
c:\users\yshak\documents\ece30834\cs334-2022fall\cs334\x64\release\cs334.tlog\cl.write.1.tlog
c:\users\yshak\documents\ece30834\cs334-2022fall\cs334\x64\release\cs334.tlog\cs334.write.1u.tlog
c:\users\yshak\documents\ece30834\cs334-2022fall\cs334\x64\release\cs334.tlog\link.command.1.tlog
c:\users\yshak\documents\ece30834\cs334-2022fall\cs334\x64\release\cs334.tlog\link.read.1.tlog
c:\users\yshak\documents\ece30834\cs334-2022fall\cs334\x64\release\cs334.tlog\link.write.1.tlog
